1708566128894 GET /api/users
1708566152456 GET /api/users
1708566153822 GET /api/users
1708566154910 GET /api/users
1708566177261 GET /api/users/23
1708566275832 ::1 GET /api/users/23
1708566277327 ::1 GET /api/users/23
1708566282185 ::1 GET /api/users
1708739240197 ::1 GET /api/users
1708739463500 ::1 GET /api/users
1708739517432 ::1 GET /api/users
1708739578170 ::1 GET /api/users
1708994450167 ::1 POST /api/users
1708994486965 ::1 POST /api/users
1708994851504 ::1 POST /api/users
1708994982785 ::1 POST /api/users
1708995173521 ::1 GET /
1708995186330 ::1 GET /users
1708995186516 ::1 GET /favicon.ico
1708995346576 ::1 GET /api/users
1708995456546 ::1 GET /api/users/65dd31a67b271a8871489975
1708995800535 ::1 PATCH /api/users/65dd31a67b271a8871489975
1708995806573 ::1 GET /api/users/65dd31a67b271a8871489975
1708995844970 ::1 PATCH /api/users/65dd31a67b271a8871489975
1708995849101 ::1 GET /api/users/65dd31a67b271a8871489975
1708996534733 ::1 GET /api/users/65dd31a67b271a8871489975
1708996540429 ::1 PATCH /api/users/65dd31a67b271a8871489975
1708996544575 ::1 GET /api/users/65dd31a67b271a8871489975
1708996575186 ::1 PATCH /api/users/65dd31a67b271a8871489975
1708996579888 ::1 GET /api/users/65dd31a67b271a8871489975
1708996660099 ::1 DELETE /api/users/65dd31a67b271a8871489975
1708996669382 ::1 POST /api/users
1708996696162 ::1 DELETE /api/users/65dd383d4a6a8c218a58649c
